[2021-06-02 09:28:21.603] [exthost] [info] extension host started
[2021-06-02 09:28:21.737] [exthost] [info] ExtensionService#_doActivateExtension vscode.microsoft-authentication {"startup":false,"extensionId":{"value":"vscode.microsoft-authentication","_lower":"vscode.microsoft-authentication"},"activationEvent":"onAuthenticationRequest:microsoft"}
[2021-06-02 09:28:21.737] [exthost] [info] ExtensionService#loadCommonJSModule file:///snap/code/65/usr/share/code/resources/app/extensions/microsoft-authentication/dist/extension.js
[2021-06-02 09:28:21.818] [exthost] [info] ExtensionService#_doActivateExtension vscode.debug-auto-launch {"startup":true,"extensionId":{"value":"vscode.debug-auto-launch","_lower":"vscode.debug-auto-launch"},"activationEvent":"*"}
[2021-06-02 09:28:21.818] [exthost] [info] ExtensionService#loadCommonJSModule file:///snap/code/65/usr/share/code/resources/app/extensions/debug-auto-launch/dist/extension
[2021-06-02 09:28:21.825] [exthost] [info] ExtensionService#_doActivateExtension vscode.git {"startup":true,"extensionId":{"value":"vscode.github","_lower":"vscode.github"},"activationEvent":"*"}
[2021-06-02 09:28:21.825] [exthost] [info] ExtensionService#loadCommonJSModule file:///snap/code/65/usr/share/code/resources/app/extensions/git/dist/main
[2021-06-02 09:28:22.035] [exthost] [info] ExtensionService#_doActivateExtension vscode.github {"startup":true,"extensionId":{"value":"vscode.github","_lower":"vscode.github"},"activationEvent":"*"}
[2021-06-02 09:28:22.039] [exthost] [info] ExtensionService#loadCommonJSModule file:///snap/code/65/usr/share/code/resources/app/extensions/github/dist/extension.js
[2021-06-02 09:28:22.049] [exthost] [info] ExtensionService#_doActivateExtension ms-vscode.js-debug {"startup":false,"extensionId":{"value":"ms-vscode.js-debug","_lower":"ms-vscode.js-debug"},"activationEvent":"onCommand:extension.js-debug.clearAutoAttachVariables"}
[2021-06-02 09:28:22.049] [exthost] [info] ExtensionService#loadCommonJSModule file:///snap/code/65/usr/share/code/resources/app/extensions/ms-vscode.js-debug/src/extension.js
[2021-06-02 09:28:22.245] [exthost] [info] eager extensions activated
[2021-06-02 09:28:22.263] [exthost] [info] ExtensionService#_doActivateExtension vscode.github-authentication {"startup":false,"extensionId":{"value":"vscode.github-authentication","_lower":"vscode.github-authentication"},"activationEvent":"onAuthenticationRequest:github"}
[2021-06-02 09:28:22.263] [exthost] [info] ExtensionService#loadCommonJSModule file:///snap/code/65/usr/share/code/resources/app/extensions/github-authentication/dist/extension.js
[2021-06-02 09:28:22.280] [exthost] [info] ExtensionService#_doActivateExtension vscode.emmet {"startup":false,"extensionId":{"value":"vscode.emmet","_lower":"vscode.emmet"},"activationEvent":"onStartupFinished"}
[2021-06-02 09:28:22.280] [exthost] [info] ExtensionService#loadCommonJSModule file:///snap/code/65/usr/share/code/resources/app/extensions/emmet/dist/node/emmetNodeMain
[2021-06-02 09:28:22.290] [exthost] [info] ExtensionService#_doActivateExtension vscode.merge-conflict {"startup":false,"extensionId":{"value":"vscode.merge-conflict","_lower":"vscode.merge-conflict"},"activationEvent":"onStartupFinished"}
[2021-06-02 09:28:22.290] [exthost] [info] ExtensionService#loadCommonJSModule file:///snap/code/65/usr/share/code/resources/app/extensions/merge-conflict/dist/mergeConflictMain
[2021-06-02 09:28:22.292] [exthost] [info] ExtensionService#_doActivateExtension vscode.testing-editor-contributions {"startup":false,"extensionId":{"value":"vscode.testing-editor-contributions","_lower":"vscode.testing-editor-contributions"},"activationEvent":"onStartupFinished"}
[2021-06-02 09:28:22.292] [exthost] [info] ExtensionService#loadCommonJSModule file:///snap/code/65/usr/share/code/resources/app/extensions/testing-editor-contributions/dist/extension.js
[2021-06-02 09:29:09.473] [exthost] [info] ExtensionService#_doActivateExtension ms-azuretools.vscode-docker {"startup":false,"extensionId":{"value":"ms-azuretools.vscode-docker","_lower":"ms-azuretools.vscode-docker"},"activationEvent":"onView:dockerContainers"}
[2021-06-02 09:29:09.473] [exthost] [info] ExtensionService#loadCommonJSModule file:///root/.vscode/extensions/ms-azuretools.vscode-docker-1.13.0/main
[2021-06-02 09:29:57.360] [exthost] [info] extension host terminating: received terminate message from renderer
[2021-06-02 09:29:58.389] [exthost] [info] exiting with code 0
[2021-06-02 09:29:58.986] [exthost] [info] extension host started
[2021-06-02 09:29:59.108] [exthost] [info] ExtensionService#_doActivateExtension vscode.microsoft-authentication {"startup":false,"extensionId":{"value":"vscode.microsoft-authentication","_lower":"vscode.microsoft-authentication"},"activationEvent":"onAuthenticationRequest:microsoft"}
[2021-06-02 09:29:59.108] [exthost] [info] ExtensionService#loadCommonJSModule file:///snap/code/65/usr/share/code/resources/app/extensions/microsoft-authentication/dist/extension.js
[2021-06-02 09:29:59.124] [exthost] [info] ExtensionService#_doActivateExtension vscode.debug-auto-launch {"startup":true,"extensionId":{"value":"vscode.debug-auto-launch","_lower":"vscode.debug-auto-launch"},"activationEvent":"*"}
[2021-06-02 09:29:59.124] [exthost] [info] ExtensionService#loadCommonJSModule file:///snap/code/65/usr/share/code/resources/app/extensions/debug-auto-launch/dist/extension
[2021-06-02 09:29:59.125] [exthost] [info] ExtensionService#_doActivateExtension vscode.git {"startup":true,"extensionId":{"value":"vscode.github","_lower":"vscode.github"},"activationEvent":"*"}
[2021-06-02 09:29:59.125] [exthost] [info] ExtensionService#loadCommonJSModule file:///snap/code/65/usr/share/code/resources/app/extensions/git/dist/main
[2021-06-02 09:29:59.317] [exthost] [info] ExtensionService#_doActivateExtension vscode.github {"startup":true,"extensionId":{"value":"vscode.github","_lower":"vscode.github"},"activationEvent":"*"}
[2021-06-02 09:29:59.317] [exthost] [info] ExtensionService#loadCommonJSModule file:///snap/code/65/usr/share/code/resources/app/extensions/github/dist/extension.js
[2021-06-02 09:29:59.390] [exthost] [info] ExtensionService#_doActivateExtension ms-vscode.js-debug {"startup":false,"extensionId":{"value":"ms-vscode.js-debug","_lower":"ms-vscode.js-debug"},"activationEvent":"onCommand:extension.js-debug.clearAutoAttachVariables"}
[2021-06-02 09:29:59.390] [exthost] [info] ExtensionService#loadCommonJSModule file:///snap/code/65/usr/share/code/resources/app/extensions/ms-vscode.js-debug/src/extension.js
[2021-06-02 09:29:59.506] [exthost] [info] eager extensions activated
[2021-06-02 09:29:59.514] [exthost] [info] ExtensionService#_doActivateExtension vscode.github-authentication {"startup":false,"extensionId":{"value":"vscode.github-authentication","_lower":"vscode.github-authentication"},"activationEvent":"onAuthenticationRequest:github"}
[2021-06-02 09:29:59.514] [exthost] [info] ExtensionService#loadCommonJSModule file:///snap/code/65/usr/share/code/resources/app/extensions/github-authentication/dist/extension.js
[2021-06-02 09:29:59.551] [exthost] [info] ExtensionService#_doActivateExtension vscode.emmet {"startup":false,"extensionId":{"value":"vscode.emmet","_lower":"vscode.emmet"},"activationEvent":"onStartupFinished"}
[2021-06-02 09:29:59.552] [exthost] [info] ExtensionService#loadCommonJSModule file:///snap/code/65/usr/share/code/resources/app/extensions/emmet/dist/node/emmetNodeMain
[2021-06-02 09:29:59.566] [exthost] [info] ExtensionService#_doActivateExtension vscode.merge-conflict {"startup":false,"extensionId":{"value":"vscode.merge-conflict","_lower":"vscode.merge-conflict"},"activationEvent":"onStartupFinished"}
[2021-06-02 09:29:59.566] [exthost] [info] ExtensionService#loadCommonJSModule file:///snap/code/65/usr/share/code/resources/app/extensions/merge-conflict/dist/mergeConflictMain
[2021-06-02 09:29:59.568] [exthost] [info] ExtensionService#_doActivateExtension vscode.testing-editor-contributions {"startup":false,"extensionId":{"value":"vscode.testing-editor-contributions","_lower":"vscode.testing-editor-contributions"},"activationEvent":"onStartupFinished"}
[2021-06-02 09:29:59.570] [exthost] [info] ExtensionService#loadCommonJSModule file:///snap/code/65/usr/share/code/resources/app/extensions/testing-editor-contributions/dist/extension.js
[2021-06-02 09:30:06.875] [exthost] [info] ExtensionService#_doActivateExtension ms-azuretools.vscode-docker {"startup":false,"extensionId":{"value":"ms-azuretools.vscode-docker","_lower":"ms-azuretools.vscode-docker"},"activationEvent":"onLanguage:dockercompose"}
[2021-06-02 09:30:06.875] [exthost] [info] ExtensionService#loadCommonJSModule file:///root/.vscode/extensions/ms-azuretools.vscode-docker-1.13.0/main
[2021-06-02 09:38:23.346] [exthost] [info] ExtensionService#_doActivateExtension felixfbecker.php-intellisense {"startup":false,"extensionId":{"value":"felixfbecker.php-intellisense","_lower":"felixfbecker.php-intellisense"},"activationEvent":"workspaceContains:**/*.php"}
[2021-06-02 09:38:23.346] [exthost] [info] ExtensionService#loadCommonJSModule file:///root/.vscode/extensions/felixfbecker.php-intellisense-2.3.14/out/extension
[2021-06-02 09:40:31.283] [exthost] [info] ExtensionService#_doActivateExtension vscode.php-language-features {"startup":false,"extensionId":{"value":"vscode.php-language-features","_lower":"vscode.php-language-features"},"activationEvent":"onLanguage:php"}
[2021-06-02 09:40:31.283] [exthost] [info] ExtensionService#loadCommonJSModule file:///snap/code/65/usr/share/code/resources/app/extensions/php-language-features/dist/phpMain
[2021-06-02 09:40:31.315] [exthost] [info] ExtensionService#_doActivateExtension bmewburn.vscode-intelephense-client {"startup":false,"extensionId":{"value":"bmewburn.vscode-intelephense-client","_lower":"bmewburn.vscode-intelephense-client"},"activationEvent":"onLanguage:php"}
[2021-06-02 09:40:31.315] [exthost] [info] ExtensionService#loadCommonJSModule file:///root/.vscode/extensions/bmewburn.vscode-intelephense-client-1.7.1/lib/extension
[2021-06-02 09:43:26.163] [exthost] [info] ExtensionService#_doActivateExtension vscode.configuration-editing {"startup":false,"extensionId":{"value":"vscode.configuration-editing","_lower":"vscode.configuration-editing"},"activationEvent":"onLanguage:json"}
[2021-06-02 09:43:26.164] [exthost] [info] ExtensionService#loadCommonJSModule file:///snap/code/65/usr/share/code/resources/app/extensions/configuration-editing/dist/configurationEditingMain
[2021-06-02 09:43:26.169] [exthost] [info] ExtensionService#_doActivateExtension vscode.extension-editing {"startup":false,"extensionId":{"value":"vscode.extension-editing","_lower":"vscode.extension-editing"},"activationEvent":"onLanguage:json"}
[2021-06-02 09:43:26.169] [exthost] [info] ExtensionService#loadCommonJSModule file:///snap/code/65/usr/share/code/resources/app/extensions/extension-editing/dist/extensionEditingMain
[2021-06-02 09:43:26.203] [exthost] [info] ExtensionService#_doActivateExtension vscode.json-language-features {"startup":false,"extensionId":{"value":"vscode.json-language-features","_lower":"vscode.json-language-features"},"activationEvent":"onLanguage:json"}
[2021-06-02 09:43:26.203] [exthost] [info] ExtensionService#loadCommonJSModule file:///snap/code/65/usr/share/code/resources/app/extensions/json-language-features/client/dist/node/jsonClientMain
[2021-06-02 09:43:26.251] [exthost] [info] ExtensionService#_doActivateExtension vscode.npm {"startup":false,"extensionId":{"value":"vscode.npm","_lower":"vscode.npm"},"activationEvent":"onLanguage:json"}
[2021-06-02 09:43:26.251] [exthost] [info] ExtensionService#loadCommonJSModule file:///snap/code/65/usr/share/code/resources/app/extensions/npm/dist/npmMain
[2021-06-02 09:43:38.507] [exthost] [info] ExtensionService#_doActivateExtension neilbrayfield.php-docblocker {"startup":false,"extensionId":{"value":"neilbrayfield.php-docblocker","_lower":"neilbrayfield.php-docblocker"},"activationEvent":"onLanguage:php"}
[2021-06-02 09:43:38.507] [exthost] [info] ExtensionService#loadCommonJSModule file:///root/.vscode/extensions/neilbrayfield.php-docblocker-2.1.0/out/src/extension
[2021-06-02 09:43:41.723] [exthost] [info] ExtensionService#_doActivateExtension kokororin.vscode-phpfmt {"startup":false,"extensionId":{"value":"kokororin.vscode-phpfmt","_lower":"kokororin.vscode-phpfmt"},"activationEvent":"onLanguage:php"}
[2021-06-02 09:43:41.723] [exthost] [info] ExtensionService#loadCommonJSModule file:///root/.vscode/extensions/kokororin.vscode-phpfmt-1.0.30/out/src/extension
[2021-06-02 09:45:20.468] [exthost] [error] [bmewburn.vscode-intelephense-client] provider FAILED
[2021-06-02 09:45:20.469] [exthost] [error] Canceled: Canceled
	at w.makeCancelError (/root/.vscode/extensions/bmewburn.vscode-intelephense-client-1.7.1/lib/extension.js:1:128391)
	at w.handleFailedRequest (/root/.vscode/extensions/bmewburn.vscode-intelephense-client-1.7.1/lib/extension.js:1:128242)
	at /root/.vscode/extensions/bmewburn.vscode-intelephense-client-1.7.1/lib/extension.js:1:93115
[2021-06-02 09:47:45.894] [exthost] [info] ExtensionService#_doActivateExtension MykhailoKushnir.vscode-php-getter-setter {"startup":false,"extensionId":{"value":"MykhailoKushnir.vscode-php-getter-setter","_lower":"mykhailokushnir.vscode-php-getter-setter"},"activationEvent":"onLanguage:php"}
[2021-06-02 09:47:45.894] [exthost] [info] ExtensionService#loadCommonJSModule file:///root/.vscode/extensions/mykhailokushnir.vscode-php-getter-setter-1.1.0/out/extension
[2021-06-02 09:47:45.904] [exthost] [error] Activating extension MykhailoKushnir.vscode-php-getter-setter failed due to an error:
[2021-06-02 09:47:45.904] [exthost] [error] TypeError: Cannot read property 'document' of undefined
	at new Resolver (/root/.vscode/extensions/mykhailokushnir.vscode-php-getter-setter-1.1.0/out/extension.js:10:20)
	at activate (/root/.vscode/extensions/mykhailokushnir.vscode-php-getter-setter-1.1.0/out/extension.js:171:20)
	at Function._callActivateOptional (/snap/code/65/usr/share/code/resources/app/out/vs/workbench/services/extensions/node/extensionHostProcess.js:92:14813)
	at Function._callActivate (/snap/code/65/usr/share/code/resources/app/out/vs/workbench/services/extensions/node/extensionHostProcess.js:92:14486)
	at /snap/code/65/usr/share/code/resources/app/out/vs/workbench/services/extensions/node/extensionHostProcess.js:92:12643
	at runMicrotasks (<anonymous>)
	at processTicksAndRejections (internal/process/task_queues.js:93:5)
	at async Promise.all (index 0)
	at async d.$activate (/snap/code/65/usr/share/code/resources/app/out/vs/workbench/services/extensions/node/extensionHostProcess.js:92:19546)
[2021-06-02 09:48:59.431] [exthost] [info] ExtensionService#_doActivateExtension marabesi.php-import-checker {"startup":false,"extensionId":{"value":"marabesi.php-import-checker","_lower":"marabesi.php-import-checker"},"activationEvent":"onLanguage:php"}
[2021-06-02 09:48:59.431] [exthost] [info] ExtensionService#loadCommonJSModule file:///root/.vscode/extensions/marabesi.php-import-checker-0.5.0/out/src/extension
[2021-06-02 09:50:38.972] [exthost] [error] [bmewburn.vscode-intelephense-client] provider FAILED
[2021-06-02 09:50:38.972] [exthost] [error] Canceled: Canceled
	at w.makeCancelError (/root/.vscode/extensions/bmewburn.vscode-intelephense-client-1.7.1/lib/extension.js:1:128391)
	at w.handleFailedRequest (/root/.vscode/extensions/bmewburn.vscode-intelephense-client-1.7.1/lib/extension.js:1:128242)
	at /root/.vscode/extensions/bmewburn.vscode-intelephense-client-1.7.1/lib/extension.js:1:93115
[2021-06-02 09:51:11.876] [exthost] [info] ExtensionService#_doActivateExtension vscode.typescript-language-features {"startup":false,"extensionId":{"value":"vscode.typescript-language-features","_lower":"vscode.typescript-language-features"},"activationEvent":"onLanguage:jsonc"}
[2021-06-02 09:51:11.876] [exthost] [info] ExtensionService#loadCommonJSModule file:///snap/code/65/usr/share/code/resources/app/extensions/typescript-language-features/dist/extension
[2021-06-02 09:51:23.447] [exthost] [info] ExtensionService#_doActivateExtension ms-vscode.references-view {"startup":false,"extensionId":{"value":"ms-vscode.references-view","_lower":"ms-vscode.references-view"},"activationEvent":"onCommand:references-view.findReferences"}
[2021-06-02 09:51:23.447] [exthost] [info] ExtensionService#loadCommonJSModule file:///snap/code/65/usr/share/code/resources/app/extensions/ms-vscode.references-view/dist/extension
[2021-06-02 09:53:18.607] [exthost] [error] [bmewburn.vscode-intelephense-client] provider FAILED
[2021-06-02 09:53:18.608] [exthost] [error] Canceled: Canceled
	at w.makeCancelError (/root/.vscode/extensions/bmewburn.vscode-intelephense-client-1.7.1/lib/extension.js:1:128391)
	at w.handleFailedRequest (/root/.vscode/extensions/bmewburn.vscode-intelephense-client-1.7.1/lib/extension.js:1:128242)
	at /root/.vscode/extensions/bmewburn.vscode-intelephense-client-1.7.1/lib/extension.js:1:93115
	at runNextTicks (internal/process/task_queues.js:58:5)
	at processImmediate (internal/timers.js:434:9)
[2021-06-02 09:53:58.352] [exthost] [error] [bmewburn.vscode-intelephense-client] provider FAILED
[2021-06-02 09:53:58.352] [exthost] [error] Canceled: Canceled
	at w.makeCancelError (/root/.vscode/extensions/bmewburn.vscode-intelephense-client-1.7.1/lib/extension.js:1:128391)
	at w.handleFailedRequest (/root/.vscode/extensions/bmewburn.vscode-intelephense-client-1.7.1/lib/extension.js:1:128242)
	at /root/.vscode/extensions/bmewburn.vscode-intelephense-client-1.7.1/lib/extension.js:1:93115
	at runNextTicks (internal/process/task_queues.js:58:5)
	at processImmediate (internal/timers.js:434:9)
[2021-06-02 09:54:29.206] [exthost] [error] [bmewburn.vscode-intelephense-client] provider FAILED
[2021-06-02 09:54:29.206] [exthost] [error] Canceled: Canceled
	at w.makeCancelError (/root/.vscode/extensions/bmewburn.vscode-intelephense-client-1.7.1/lib/extension.js:1:128391)
	at w.handleFailedRequest (/root/.vscode/extensions/bmewburn.vscode-intelephense-client-1.7.1/lib/extension.js:1:128242)
	at /root/.vscode/extensions/bmewburn.vscode-intelephense-client-1.7.1/lib/extension.js:1:93115
[2021-06-02 09:55:07.126] [exthost] [error] [bmewburn.vscode-intelephense-client] provider FAILED
[2021-06-02 09:55:07.126] [exthost] [error] Canceled: Canceled
	at w.makeCancelError (/root/.vscode/extensions/bmewburn.vscode-intelephense-client-1.7.1/lib/extension.js:1:128391)
	at w.handleFailedRequest (/root/.vscode/extensions/bmewburn.vscode-intelephense-client-1.7.1/lib/extension.js:1:128242)
	at /root/.vscode/extensions/bmewburn.vscode-intelephense-client-1.7.1/lib/extension.js:1:93115
[2021-06-02 09:55:32.186] [exthost] [error] [bmewburn.vscode-intelephense-client] provider FAILED
[2021-06-02 09:55:32.186] [exthost] [error] Canceled: Canceled
	at w.makeCancelError (/root/.vscode/extensions/bmewburn.vscode-intelephense-client-1.7.1/lib/extension.js:1:128391)
	at w.handleFailedRequest (/root/.vscode/extensions/bmewburn.vscode-intelephense-client-1.7.1/lib/extension.js:1:128242)
	at /root/.vscode/extensions/bmewburn.vscode-intelephense-client-1.7.1/lib/extension.js:1:93115
	at runNextTicks (internal/process/task_queues.js:58:5)
	at processImmediate (internal/timers.js:434:9)
[2021-06-02 10:01:58.914] [exthost] [error] [bmewburn.vscode-intelephense-client] provider FAILED
[2021-06-02 10:01:58.915] [exthost] [error] Canceled: Canceled
	at w.makeCancelError (/root/.vscode/extensions/bmewburn.vscode-intelephense-client-1.7.1/lib/extension.js:1:128391)
	at w.handleFailedRequest (/root/.vscode/extensions/bmewburn.vscode-intelephense-client-1.7.1/lib/extension.js:1:128242)
	at /root/.vscode/extensions/bmewburn.vscode-intelephense-client-1.7.1/lib/extension.js:1:93115
[2021-06-02 10:02:01.159] [exthost] [error] [bmewburn.vscode-intelephense-client] provider FAILED
[2021-06-02 10:02:01.159] [exthost] [error] Canceled: Canceled
	at w.makeCancelError (/root/.vscode/extensions/bmewburn.vscode-intelephense-client-1.7.1/lib/extension.js:1:128391)
	at w.handleFailedRequest (/root/.vscode/extensions/bmewburn.vscode-intelephense-client-1.7.1/lib/extension.js:1:128242)
	at /root/.vscode/extensions/bmewburn.vscode-intelephense-client-1.7.1/lib/extension.js:1:93115
[2021-06-02 12:28:45.991] [exthost] [info] extension host terminating: received terminate message from renderer
[2021-06-02 12:28:50.603] [exthost] [info] exiting with code 0
